2024-06-11 01:35:04.228 [info] Extension host with pid 92861 started
2024-06-11 01:35:04.332 [info] ExtensionService#_doActivateExtension vscode.emmet, startup: false, activationEvent: 'onLanguage'
2024-06-11 01:35:04.387 [info] ExtensionService#_doActivateExtension vscode.git-base, startup: true, activationEvent: '*'
2024-06-11 01:35:04.399 [info] ExtensionService#_doActivateExtension vscode.github, startup: true, activationEvent: '*'
2024-06-11 01:35:04.414 [info] Eager extensions activated
2024-06-11 01:35:04.417 [info] ExtensionService#_doActivateExtension vscode.debug-auto-launch, startup: false, activationEvent: 'onStartupFinished'
2024-06-11 01:35:04.419 [info] ExtensionService#_doActivateExtension vscode.merge-conflict, startup: false, activationEvent: 'onStartupFinished'
2024-06-11 01:35:17.367 [info] Extension host terminating: renderer closed the MessagePort
2024-06-11 01:35:17.372 [info] Extension host with pid 92861 exiting with code 0
2024-06-11 01:35:17.982 [info] Extension host with pid 92959 started
2024-06-11 01:35:17.982 [info] Skipping acquiring lock for /home/light/.config/Code/User/workspaceStorage/c5dfc269a0897c5817415764867e6863.
2024-06-11 01:35:18.006 [info] ExtensionService#_doActivateExtension vscode.git-base, startup: true, activationEvent: '*'
2024-06-11 01:35:18.014 [info] ExtensionService#_doActivateExtension vscode.github, startup: true, activationEvent: '*'
2024-06-11 01:35:18.028 [info] Eager extensions activated
2024-06-11 01:35:18.044 [info] ExtensionService#_doActivateExtension vscode.debug-auto-launch, startup: false, activationEvent: 'onStartupFinished'
2024-06-11 01:35:18.046 [info] ExtensionService#_doActivateExtension vscode.merge-conflict, startup: false, activationEvent: 'onStartupFinished'
2024-06-11 01:35:20.380 [info] ExtensionService#_doActivateExtension vscode.git, startup: false, activationEvent: 'api', root cause: vscode.github
2024-06-11 01:35:23.941 [info] ExtensionService#_doActivateExtension vscode.emmet, startup: false, activationEvent: 'onLanguage'
2024-06-11 01:37:04.110 [info] ExtensionService#_doActivateExtension vscode.github-authentication, startup: false, activationEvent: 'onAuthenticationRequest:github'
2024-06-11 01:38:51.404 [error] Error: spawn git ENOENT
	at ChildProcess.<anonymous> (/usr/share/code/resources/app/extensions/git/dist/main.js:2:900312)
	at Object.onceWrapper (node:events:632:26)
	at ChildProcess.emit (node:events:517:28)
	at ChildProcess._handle.onexit (node:internal/child_process:290:12)
	at onErrorNT (node:internal/child_process:477:16)
	at process.processTicksAndRejections (node:internal/process/task_queues:82:21)
2024-06-11 01:40:10.309 [info] Extension host terminating: renderer closed the MessagePort
2024-06-11 01:40:10.322 [info] Extension host with pid 92959 exiting with code 0
