2024-06-11 01:35:20.433 [info] Log level: Info
2024-06-11 01:35:20.433 [info] Validating found git in: "git"
2024-06-11 01:35:20.433 [info] Using git "2.34.1" from "git"
2024-06-11 01:35:20.433 [info] > git rev-parse --show-toplevel [2ms]
2024-06-11 01:35:20.433 [info] fatal: not a git repository (or any of the parent directories): .git
2024-06-11 01:35:23.902 [info] > git rev-parse --show-toplevel [2ms]
2024-06-11 01:35:23.902 [info] fatal: not a git repository (or any of the parent directories): .git
2024-06-11 01:35:56.359 [info] > git rev-parse --show-toplevel [2ms]
2024-06-11 01:35:56.359 [info] fatal: not a git repository (or any of the parent directories): .git
2024-06-11 01:37:04.061 [info] > git rev-parse --show-toplevel [3ms]
2024-06-11 01:37:04.070 [info] > git rev-parse --git-dir --git-common-dir [2ms]
2024-06-11 01:37:04.080 [info] Open repository: /home/light/.config/kitty/kitty
2024-06-11 01:37:04.086 [info] > git config --get commit.template [1ms]
2024-06-11 01:37:04.097 [info] > git for-each-ref --format=%(refname)%00%(upstream:short)%00%(objectname)%00%(upstream:track)%00%(upstream:remotename)%00%(upstream:remoteref) refs/heads/master refs/remotes/master [8ms]
2024-06-11 01:37:04.097 [warning] No such branch: master.
2024-06-11 01:37:04.101 [info] > git status -z -uall [1ms]
2024-06-11 01:37:04.107 [info] > git config --get commit.template [1ms]
2024-06-11 01:37:04.133 [info] > git for-each-ref --format=%(refname)%00%(upstream:short)%00%(objectname)%00%(upstream:track)%00%(upstream:remotename)%00%(upstream:remoteref) refs/heads/master refs/remotes/master [24ms]
2024-06-11 01:37:04.133 [warning] No such branch: master.
2024-06-11 01:37:04.151 [info] > git status -z -uall [16ms]
2024-06-11 01:37:04.754 [info] > git check-ignore -v -z --stdin [2ms]
2024-06-11 01:38:50.386 [warning] ENOENT: no such file or directory, open '/home/light/.config/kitty/kitty/.git/HEAD'
2024-06-11 01:38:50.391 [warning] getRemotes() - ENOENT: no such file or directory, open '/home/light/.config/kitty/kitty/.git/config'
2024-06-11 01:38:50.398 [warning] ENOENT: no such file or directory, open '/home/light/.config/kitty/kitty/.git/HEAD'
2024-06-11 01:38:50.401 [warning] getRemotes() - ENOENT: no such file or directory, open '/home/light/.config/kitty/kitty/.git/config'
